<?xml version="1.0" encoding="UTF-8"?>
<!-- Generated by org.testng.reporters.JUnitReportReporter -->
<testsuite skipped="0" hostname="DESKTOP-52MG27T" name="basics.Alerts" tests="5" failures="0" timestamp="06 May 2020 15:08:43 GMT" time="0.032" errors="0">
  <testcase name="othersthird" time="0.000" classname="basics.Alerts"/>
  <testcase name="accept" time="0.016" classname="basics.Alerts"/>
  <testcase name="otherssecond" time="0.016" classname="basics.Alerts"/>
  <testcase name="dismiss" time="0.000" classname="basics.Alerts"/>
  <testcase name="others" time="0.000" classname="basics.Alerts"/>
</testsuite> <!-- basics.Alerts -->
