<?xml version="1.0" encoding="UTF-8"?>
<!-- Generated by org.testng.reporters.JUnitReportReporter -->
<testsuite skipped="0" hostname="DESKTOP-52MG27T" name="annotations.TestOne" tests="4" failures="0" timestamp="09 May 2020 13:44:02 GMT" time="0.024" errors="0">
  <testcase name="TestMethodOne" time="0.012" classname="annotations.TestOne"/>
  <testcase name="TestMethodTwo" time="0.006" classname="annotations.TestOne"/>
  <testcase name="TestMethodOne" time="0.004" classname="annotations.TestOne"/>
  <testcase name="TestMethodTwo" time="0.002" classname="annotations.TestOne"/>
</testsuite> <!-- annotations.TestOne -->
