<?xml version="1.0" encoding="UTF-8"?>
<!-- Generated by org.testng.reporters.JUnitReportReporter -->
<testsuite skipped="0" hostname="DESKTOP-52MG27T" name="basics.Login" tests="2" failures="0" timestamp="06 May 2020 15:08:43 GMT" time="0.000" errors="0">
  <testcase name="method2" time="0.000" classname="basics.Login"/>
  <testcase name="method1" time="0.000" classname="basics.Login"/>
</testsuite> <!-- basics.Login -->
