<?xml version="1.0" encoding="UTF-8"?>
<!-- Generated by org.testng.reporters.JUnitReportReporter -->
<testsuite skipped="0" hostname="DESKTOP-52MG27T" name="annotations.After_Method" tests="2" failures="0" timestamp="09 May 2020 13:14:18 GMT" time="0.018" errors="0">
  <testcase name="TestMethod" time="0.016" classname="annotations.After_Method"/>
  <testcase name="TestMethodTwo" time="0.002" classname="annotations.After_Method"/>
</testsuite> <!-- annotations.After_Method -->
