<?xml version="1.0" encoding="UTF-8"?>
<!-- Generated by org.testng.reporters.JUnitReportReporter -->
<testsuite skipped="0" hostname="DESKTOP-52MG27T" name="grouping.ExcludeGroupingExample" tests="1" failures="0" timestamp="11 May 2020 07:20:58 GMT" time="0.015" errors="0">
  <testcase name="myTestB" time="0.015" classname="grouping.ExcludeGroupingExample"/>
</testsuite> <!-- grouping.ExcludeGroupingExample -->
