<?xml version="1.0" encoding="UTF-8"?>
<!-- Generated by org.testng.reporters.JUnitReportReporter -->
<testsuite skipped="0" hostname="DESKTOP-52MG27T" name="Priority_Grouping" tests="3" failures="0" timestamp="10 May 2020 16:42:18 GMT" time="0.023" errors="0">
  <testcase name="myTestOne" time="0.019" classname="Priority_Grouping"/>
  <testcase name="myTestTwo" time="0.002" classname="Priority_Grouping"/>
  <testcase name="myTestThree" time="0.002" classname="Priority_Grouping"/>
</testsuite> <!-- Priority_Grouping -->
