<?xml version="1.0" encoding="UTF-8"?>
<!-- Generated by org.testng.reporters.JUnitReportReporter -->
<testsuite skipped="0" hostname="DESKTOP-52MG27T" name="advancedTopics.DependsOnGroupsAndDependsOnMethodsTestExample" tests="4" failures="0" timestamp="11 May 2020 06:38:55 GMT" time="0.008" errors="0">
  <testcase name="myTestC" time="0.002" classname="advancedTopics.DependsOnGroupsAndDependsOnMethodsTestExample"/>
  <testcase name="myTestD" time="0.001" classname="advancedTopics.DependsOnGroupsAndDependsOnMethodsTestExample"/>
  <testcase name="myTestA" time="0.002" classname="advancedTopics.DependsOnGroupsAndDependsOnMethodsTestExample"/>
  <testcase name="myTestB" time="0.003" classname="advancedTopics.DependsOnGroupsAndDependsOnMethodsTestExample"/>
</testsuite> <!-- advancedTopics.DependsOnGroupsAndDependsOnMethodsTestExample -->
