<?xml version="1.0" encoding="UTF-8"?>
<!-- Generated by org.testng.reporters.JUnitReportReporter -->
<testsuite skipped="0" hostname="DESKTOP-52MG27T" name="parallelExecution.ParallelClassesExample1" tests="4" failures="0" timestamp="11 May 2020 09:15:23 GMT" time="0.033" errors="0">
  <testcase name="testCase4" time="0.007" classname="parallelExecution.ParallelClassesExample1"/>
  <testcase name="testCase3" time="0.003" classname="parallelExecution.ParallelClassesExample1"/>
  <testcase name="testCase1" time="0.018" classname="parallelExecution.ParallelClassesExample1"/>
  <testcase name="testCase2" time="0.005" classname="parallelExecution.ParallelClassesExample1"/>
</testsuite> <!-- parallelExecution.ParallelClassesExample1 -->
