<?xml version="1.0" encoding="UTF-8"?>
<!-- Generated by org.testng.reporters.JUnitReportReporter -->
<testsuite skipped="0" hostname="DESKTOP-52MG27T" name="parallelExecution.ParallelClassesExample2" tests="4" failures="0" timestamp="11 May 2020 09:15:23 GMT" time="0.029" errors="0">
  <testcase name="testCase5" time="0.018" classname="parallelExecution.ParallelClassesExample2"/>
  <testcase name="testCase7" time="0.005" classname="parallelExecution.ParallelClassesExample2"/>
  <testcase name="testCase6" time="0.004" classname="parallelExecution.ParallelClassesExample2"/>
  <testcase name="testCase8" time="0.002" classname="parallelExecution.ParallelClassesExample2"/>
</testsuite> <!-- parallelExecution.ParallelClassesExample2 -->
