<?xml version="1.0" encoding="UTF-8"?>
<!-- Generated by org.testng.reporters.JUnitReportReporter -->
<testsuite skipped="0" hostname="DESKTOP-52MG27T" name="basics.CheckBoxs" tests="3" failures="0" timestamp="07 May 2020 15:18:08 GMT" time="0.012" errors="0">
  <testcase name="method1" time="0.004" classname="basics.CheckBoxs"/>
  <testcase name="method5" time="0.003" classname="basics.CheckBoxs"/>
  <testcase name="method4" time="0.005" classname="basics.CheckBoxs"/>
</testsuite> <!-- basics.CheckBoxs -->
