<?xml version="1.0" encoding="UTF-8"?>
<!-- Generated by org.testng.reporters.JUnitReportReporter -->
<testsuite skipped="0" hostname="DESKTOP-52MG27T" name="basics.Alerts" tests="1" failures="0" timestamp="06 May 2020 17:41:10 GMT" time="0.002" errors="0">
  <testcase name="otherssecond" time="0.002" classname="basics.Alerts"/>
</testsuite> <!-- basics.Alerts -->
