<?xml version="1.0" encoding="UTF-8"?>
<!-- Generated by org.testng.reporters.JUnitReportReporter -->
<testsuite skipped="0" hostname="DESKTOP-52MG27T" name="annotations.TestAnnotations" tests="1" failures="0" timestamp="07 May 2020 09:12:47 GMT" time="0.018" errors="0">
  <testcase name="Method1" time="0.018" classname="annotations.TestAnnotations"/>
</testsuite> <!-- annotations.TestAnnotations -->
