<?xml version="1.0" encoding="UTF-8"?>
<!-- Generated by org.testng.reporters.JUnitReportReporter -->
<testsuite skipped="0" hostname="DESKTOP-52MG27T" name="grouping.GroupingExample" tests="4" failures="0" timestamp="11 May 2020 07:18:30 GMT" time="0.031" errors="0">
  <testcase name="myTestE" time="0.003" classname="grouping.GroupingExample"/>
  <testcase name="myTestC" time="0.021" classname="grouping.GroupingExample"/>
  <testcase name="myTestF" time="0.003" classname="grouping.GroupingExample"/>
  <testcase name="myTestD" time="0.004" classname="grouping.GroupingExample"/>
</testsuite> <!-- grouping.GroupingExample -->
