<?xml version="1.0" encoding="UTF-8"?>
<!-- Generated by org.testng.reporters.JUnitReportReporter -->
<testsuite skipped="0" hostname="DESKTOP-52MG27T" name="annotations.AfterClass_Annotation" tests="3" failures="0" timestamp="07 May 2020 10:19:15 GMT" time="0.023" errors="0">
  <testcase name="TestMethodTwo" time="0.007" classname="annotations.AfterClass_Annotation"/>
  <testcase name="TestMethodThree" time="0.007" classname="annotations.AfterClass_Annotation"/>
  <testcase name="TestMethodOne" time="0.009" classname="annotations.AfterClass_Annotation"/>
</testsuite> <!-- annotations.AfterClass_Annotation -->
