<?xml version="1.0" encoding="UTF-8"?>
<!-- Generated by org.testng.reporters.JUnitReportReporter -->
<testsuite skipped="0" hostname="DESKTOP-52MG27T" name="annotations.TestTwo" tests="4" failures="0" timestamp="09 May 2020 13:44:02 GMT" time="0.029" errors="0">
  <testcase name="TestMethodTwo" time="0.004" classname="annotations.TestTwo"/>
  <testcase name="TestMethodOne" time="0.008" classname="annotations.TestTwo"/>
  <testcase name="TestMethodTwo" time="0.006" classname="annotations.TestTwo"/>
  <testcase name="TestMethodOne" time="0.011" classname="annotations.TestTwo"/>
</testsuite> <!-- annotations.TestTwo -->
